[2025-05-09 11:59:42] Starting launch preparation...
[2025-05-09 11:59:42] Checking system health...
[2025-05-09 11:59:42] System health check completed
[2025-05-09 11:59:42] Verifying backup system...
[2025-05-09 11:59:42] Backup verification completed
[2025-05-09 11:59:42] Checking monitoring setup...
[2025-05-09 11:59:42] Monitoring check completed
[2025-05-09 11:59:42] Verifying SSL certificates...
[2025-05-09 11:59:42] SSL verification completed
[2025-05-09 11:59:42] Checking application status...
[2025-05-09 11:59:43] Application check completed
[2025-05-09 11:59:43] Generating launch preparation report...
[2025-05-09 11:59:43] Launch report generated successfully
[2025-05-09 11:59:43] Launch preparation completed successfully
[2025-05-09 12:00:24] Starting launch preparation...
[2025-05-09 12:00:24] Checking system health...
[2025-05-09 12:00:24] System health check completed
[2025-05-09 12:00:24] Verifying backup system...
[2025-05-09 12:00:24] Backup verification completed
[2025-05-09 12:00:24] Checking monitoring setup...
[2025-05-09 12:00:24] Monitoring check completed
[2025-05-09 12:00:24] Verifying SSL certificates...
[2025-05-09 12:00:24] SSL verification completed
[2025-05-09 12:00:25] Checking application status...
[2025-05-09 12:00:25] Application check completed
[2025-05-09 12:00:25] Generating launch preparation report...
[2025-05-09 12:00:25] Launch report generated successfully
[2025-05-09 12:00:25] Launch preparation completed successfully
